<?xml version="1.0" encoding="UTF-8"?>
<testsuite name="com.qt.submit.submitAcceptanceTest" tests="1" skipped="0" failures="0" errors="0" timestamp="2020-11-19T12:27:10" hostname="LAPTOP-C0G38BEB" time="3.991">
  <properties/>
  <testcase name="submitContestCode()" classname="com.qt.submit.submitAcceptanceTest" time="3.991"/>
  <system-out><![CDATA[21:26:56.953 [Test worker] DEBUG org.springframework.test.context.BootstrapUtils - Instantiating CacheAwareContextLoaderDelegate from class [org.springframework.test.context.cache.DefaultCacheAwareContextLoaderDelegate]
21:26:56.990 [Test worker] DEBUG org.springframework.test.context.BootstrapUtils - Instantiating BootstrapContext using constructor [public org.springframework.test.context.support.DefaultBootstrapContext(java.lang.Class,org.springframework.test.context.CacheAwareContextLoaderDelegate)]
21:26:57.021 [Test worker] DEBUG org.springframework.test.context.BootstrapUtils - Instantiating TestContextBootstrapper for test class [com.qt.submit.submitAcceptanceTest] from class [org.springframework.boot.test.context.SpringBootTestContextBootstrapper]
21:26:57.042 [Test worker] INFO org.springframework.boot.test.context.SpringBootTestContextBootstrapper - Neither @ContextConfiguration nor @ContextHierarchy found for test class [com.qt.submit.submitAcceptanceTest], using SpringBootContextLoader
21:26:57.050 [Test worker] DEBUG org.springframework.test.context.support.AbstractContextLoader - Did not detect default resource location for test class [com.qt.submit.submitAcceptanceTest]: class path resource [com/qt/submit/submitAcceptanceTest-context.xml] does not exist
21:26:57.051 [Test worker] DEBUG org.springframework.test.context.support.AbstractContextLoader - Did not detect default resource location for test class [com.qt.submit.submitAcceptanceTest]: class path resource [com/qt/submit/submitAcceptanceTestContext.groovy] does not exist
21:26:57.051 [Test worker] INFO org.springframework.test.context.support.AbstractContextLoader - Could not detect default resource locations for test class [com.qt.submit.submitAcceptanceTest]: no resource found for suffixes {-context.xml, Context.groovy}.
21:26:57.053 [Test worker] INFO org.springframework.test.context.support.AnnotationConfigContextLoaderUtils - Could not detect default configuration classes for test class [com.qt.submit.submitAcceptanceTest]: submitAcceptanceTest does not declare any static, non-private, non-final, nested classes annotated with @Configuration.
21:26:57.126 [Test worker] DEBUG org.springframework.test.context.support.ActiveProfilesUtils - Could not find an 'annotation declaring class' for annotation type [org.springframework.test.context.ActiveProfiles] and class [com.qt.submit.submitAcceptanceTest]
21:26:57.294 [Test worker] DEBUG org.springframework.context.annotation.ClassPathScanningCandidateComponentProvider - Identified candidate component class: file [C:\Users\jtm06\javaProject\git_home\Judger-Main-Server-master\service\build\classes\java\main\com\qt\Application.class]
21:26:57.297 [Test worker] DEBUG org.springframework.context.annotation.ClassPathScanningCandidateComponentProvider - Identified candidate component class: URL [jar:file:/C:/Users/jtm06/javaProject/git_home/Judger-Main-Server-master/core/build/libs/core-1.0.jar!/com/qt/Application.class]
21:26:57.299 [Test worker] INFO org.springframework.boot.test.context.SpringBootTestContextBootstrapper - Found @SpringBootConfiguration com.qt.Application for test class com.qt.submit.submitAcceptanceTest
21:26:57.533 [Test worker] DEBUG org.springframework.boot.test.context.SpringBootTestContextBootstrapper - @TestExecutionListeners is not present for class [com.qt.submit.submitAcceptanceTest]: using defaults.
21:26:57.534 [Test worker] INFO org.springframework.boot.test.context.SpringBootTestContextBootstrapper - Loaded default TestExecutionListener class names from location [META-INF/spring.factories]: [org.springframework.boot.test.autoconfigure.restdocs.RestDocsTestExecutionListener, org.springframework.boot.test.autoconfigure.web.client.MockRestServiceServerResetTestExecutionListener, org.springframework.boot.test.autoconfigure.web.servlet.MockMvcPrintOnlyOnFailureTestExecutionListener, org.springframework.boot.test.autoconfigure.web.servlet.WebDriverTestExecutionListener, org.springframework.boot.test.mock.mockito.MockitoTestExecutionListener, org.springframework.boot.test.mock.mockito.ResetMocksTestExecutionListener, org.springframework.test.context.web.ServletTestExecutionListener, org.springframework.test.context.support.DirtiesContextBeforeModesTestExecutionListener, org.springframework.test.context.support.DependencyInjectionTestExecutionListener, org.springframework.test.context.support.DirtiesContextTestExecutionListener, org.springframework.test.context.transaction.TransactionalTestExecutionListener, org.springframework.test.context.jdbc.SqlScriptsTestExecutionListener]
21:26:57.577 [Test worker] INFO org.springframework.boot.test.context.SpringBootTestContextBootstrapper - Using TestExecutionListeners: [org.springframework.test.context.web.ServletTestExecutionListener@2b896134, org.springframework.test.context.support.DirtiesContextBeforeModesTestExecutionListener@b0b7e5b, org.springframework.boot.test.mock.mockito.MockitoTestExecutionListener@51db50b8, org.springframework.boot.test.autoconfigure.SpringBootDependencyInjectionTestExecutionListener@41260cee, org.springframework.test.context.support.DirtiesContextTestExecutionListener@21c6553f, org.springframework.test.context.transaction.TransactionalTestExecutionListener@716f1efa, org.springframework.test.context.jdbc.SqlScriptsTestExecutionListener@7abaceff, org.springframework.boot.test.autoconfigure.restdocs.RestDocsTestExecutionListener@b0afc3a, org.springframework.boot.test.autoconfigure.web.client.MockRestServiceServerResetTestExecutionListener@18f62fc9, org.springframework.boot.test.autoconfigure.web.servlet.MockMvcPrintOnlyOnFailureTestExecutionListener@11e77ae3, org.springframework.boot.test.autoconfigure.web.servlet.WebDriverTestExecutionListener@3d869316, org.springframework.boot.test.mock.mockito.ResetMocksTestExecutionListener@61b153b0]
21:26:57.587 [Test worker] DEBUG org.springframework.test.context.support.AbstractDirtiesContextTestExecutionListener - Before test class: context [DefaultTestContext@3ff57121 testClass = submitAcceptanceTest, testInstance = [null], testMethod = [null], testException = [null], mergedContextConfiguration = [WebMergedContextConfiguration@1188aaa3 testClass = submitAcceptanceTest, locations = '{}', classes = '{class com.qt.Application}', contextInitializerClasses = '[]', activeProfiles = '{}', propertySourceLocations = '{}', propertySourceProperties = '{org.springframework.boot.test.context.SpringBootTestContextBootstrapper=true, server.port=0}', contextCustomizers = set[org.springframework.boot.test.autoconfigure.properties.PropertyMappingContextCustomizer@0, org.springframework.boot.test.autoconfigure.web.servlet.WebDriverContextCustomizerFactory$Customizer@5c9d969b, org.springframework.boot.test.context.filter.ExcludeFilterContextCustomizer@48d69410, org.springframework.boot.test.json.DuplicateJsonObjectContextCustomizerFactory$DuplicateJsonObjectContextCustomizer@19297846, org.springframework.boot.test.mock.mockito.MockitoContextCustomizer@0, org.springframework.boot.test.web.client.TestRestTemplateContextCustomizer@7318e331, org.springframework.boot.test.web.reactive.server.WebTestClientContextCustomizer@49f1ea91], resourceBasePath = 'src/main/webapp', contextLoader = 'org.springframework.boot.test.context.SpringBootContextLoader', parent = [null]], attributes = map['org.springframework.test.context.web.ServletTestExecutionListener.activateListener' -> false]], class annotated with @DirtiesContext [false] with mode [null].
21:26:57.602 [Test worker] DEBUG org.springframework.test.context.support.DependencyInjectionTestExecutionListener - Performing dependency injection for test context [[DefaultTestContext@3ff57121 testClass = submitAcceptanceTest, testInstance = com.qt.submit.submitAcceptanceTest@2e63ced6, testMethod = [null], testException = [null], mergedContextConfiguration = [WebMergedContextConfiguration@1188aaa3 testClass = submitAcceptanceTest, locations = '{}', classes = '{class com.qt.Application}', contextInitializerClasses = '[]', activeProfiles = '{}', propertySourceLocations = '{}', propertySourceProperties = '{org.springframework.boot.test.context.SpringBootTestContextBootstrapper=true, server.port=0}', contextCustomizers = set[org.springframework.boot.test.autoconfigure.properties.PropertyMappingContextCustomizer@0, org.springframework.boot.test.autoconfigure.web.servlet.WebDriverContextCustomizerFactory$Customizer@5c9d969b, org.springframework.boot.test.context.filter.ExcludeFilterContextCustomizer@48d69410, org.springframework.boot.test.json.DuplicateJsonObjectContextCustomizerFactory$DuplicateJsonObjectContextCustomizer@19297846, org.springframework.boot.test.mock.mockito.MockitoContextCustomizer@0, org.springframework.boot.test.web.client.TestRestTemplateContextCustomizer@7318e331, org.springframework.boot.test.web.reactive.server.WebTestClientContextCustomizer@49f1ea91], resourceBasePath = 'src/main/webapp', contextLoader = 'org.springframework.boot.test.context.SpringBootContextLoader', parent = [null]], attributes = map['org.springframework.test.context.web.ServletTestExecutionListener.activateListener' -> false]]].
21:26:57.659 [Test worker] DEBUG org.springframework.test.context.support.TestPropertySourceUtils - Adding inlined properties to environment: {spring.jmx.enabled=false, org.springframework.boot.test.context.SpringBootTestContextBootstrapper=true, server.port=0}

  .   ____          _            __ _ _
 /\\ / ___'_ __ _ _(_)_ __  __ _ \ \ \ \
( ( )\___ | '_ | '_| | '_ \/ _` | \ \ \ \
 \\/  ___)| |_)| | | | | || (_| |  ) ) ) )
  '  |____| .__|_| |_|_| |_\__, | / / / /
 =========|_|==============|___/=/_/_/_/
 :: Spring Boot ::        (v2.1.7.RELEASE)

2020-11-19 21:26:58.354  INFO 7536 --- [    Test worker] com.qt.submit.submitAcceptanceTest       : Starting submitAcceptanceTest on LAPTOP-C0G38BEB with PID 7536 (started by jtm06 in C:\Users\jtm06\javaProject\git_home\Judger-Main-Server-master\service)
2020-11-19 21:26:58.357  INFO 7536 --- [    Test worker] com.qt.submit.submitAcceptanceTest       : No active profile set, falling back to default profiles: default
2020-11-19 21:27:00.157  INFO 7536 --- [    Test worker] .s.d.r.c.RepositoryConfigurationDelegate : Bootstrapping Spring Data repositories in DEFAULT mode.
2020-11-19 21:27:00.694  INFO 7536 --- [    Test worker] .s.d.r.c.RepositoryConfigurationDelegate : Finished Spring Data repository scanning in 514ms. Found 8 repository interfaces.
2020-11-19 21:27:01.655  INFO 7536 --- [    Test worker] trationDelegate$BeanPostProcessorChecker : Bean 'org.springframework.transaction.annotation.ProxyTransactionManagementConfiguration' of type [org.springframework.transaction.annotation.ProxyTransactionManagementConfiguration$$EnhancerBySpringCGLIB$$9d8ca242] is not eligible for getting processed by all BeanPostProcessors (for example: not eligible for auto-proxying)
2020-11-19 21:27:02.698  INFO 7536 --- [    Test worker] o.s.b.w.embedded.tomcat.TomcatWebServer  : Tomcat initialized with port(s): 0 (http)
2020-11-19 21:27:02.756  INFO 7536 --- [    Test worker] o.apache.catalina.core.StandardService   : Starting service [Tomcat]
2020-11-19 21:27:02.756  INFO 7536 --- [    Test worker] org.apache.catalina.core.StandardEngine  : Starting Servlet engine: [Apache Tomcat/9.0.22]
2020-11-19 21:27:03.202  INFO 7536 --- [    Test worker] o.a.c.c.C.[Tomcat].[localhost].[/]       : Initializing Spring embedded WebApplicationContext
2020-11-19 21:27:03.202  INFO 7536 --- [    Test worker] o.s.web.context.ContextLoader            : Root WebApplicationContext: initialization completed in 4802 ms
2020-11-19 21:27:03.830  INFO 7536 --- [    Test worker] o.hibernate.jpa.internal.util.LogHelper  : HHH000204: Processing PersistenceUnitInfo [
	name: default
	...]
2020-11-19 21:27:03.980  INFO 7536 --- [    Test worker] org.hibernate.Version                    : HHH000412: Hibernate Core {5.3.10.Final}
2020-11-19 21:27:03.983  INFO 7536 --- [    Test worker] org.hibernate.cfg.Environment            : HHH000206: hibernate.properties not found
2020-11-19 21:27:04.318  INFO 7536 --- [    Test worker] o.hibernate.annotations.common.Version   : HCANN000001: Hibernate Commons Annotations {5.0.4.Final}
2020-11-19 21:27:04.643  INFO 7536 --- [    Test worker] com.zaxxer.hikari.HikariDataSource       : HikariPool-1 - Starting...
2020-11-19 21:27:04.952  INFO 7536 --- [    Test worker] com.zaxxer.hikari.HikariDataSource       : HikariPool-1 - Start completed.
2020-11-19 21:27:04.979  INFO 7536 --- [    Test worker] org.hibernate.dialect.Dialect            : HHH000400: Using dialect: org.hibernate.dialect.MySQL5Dialect
2020-11-19 21:27:06.741  INFO 7536 --- [    Test worker] j.LocalContainerEntityManagerFactoryBean : Initialized JPA EntityManagerFactory for persistence unit 'default'
2020-11-19 21:27:09.117  INFO 7536 --- [    Test worker] o.s.s.concurrent.ThreadPoolTaskExecutor  : Initializing ExecutorService 'applicationTaskExecutor'
2020-11-19 21:27:09.286  WARN 7536 --- [    Test worker] aWebConfiguration$JpaWebMvcConfiguration : spring.jpa.open-in-view is enabled by default. Therefore, database queries may be performed during view rendering. Explicitly configure spring.jpa.open-in-view to disable this warning
2020-11-19 21:27:10.852  INFO 7536 --- [    Test worker] o.s.b.w.embedded.tomcat.TomcatWebServer  : Tomcat started on port(s): 2286 (http) with context path ''
2020-11-19 21:27:10.856  INFO 7536 --- [    Test worker] com.qt.submit.submitAcceptanceTest       : Started submitAcceptanceTest in 13.192 seconds (JVM running for 15.211)
코드제출 테스트
2020-11-19 21:27:12.312  INFO 7536 --- [1-auto-1-exec-1] o.a.c.c.C.[Tomcat].[localhost].[/]       : Initializing Spring DispatcherServlet 'dispatcherServlet'
2020-11-19 21:27:12.313  INFO 7536 --- [1-auto-1-exec-1] o.s.web.servlet.DispatcherServlet        : Initializing Servlet 'dispatcherServlet'
2020-11-19 21:27:12.351  INFO 7536 --- [1-auto-1-exec-1] o.s.web.servlet.DispatcherServlet        : Completed initialization in 38 ms
ReadTestCase 시작: 
테스트 케이스 시작: 1.txt
source: #include <stdio.h>
#include <math.h>

int main(void)
{
    int t, x1, y1, r1, x2, y2, r2, result;
    double distanse, subtract;    
    scanf("%d", &t);
    
    while(t--)
    {
        scanf("%d %d %d %d %d %d", &x1, &y1, &r1, &x2, &y2, &r2);
        distanse = sqrt(pow(x2 - x1, 2) + pow(y2 - y1, 2));    
        subtract = r1 > r2 ? r1 - r2 : r2 - r1;
        
        if(distanse == 0 && r1 == r2) result = -1;   
        else if(distanse < r1 + r2 && (subtract < distanse)) result = 2;    
        else if(distanse == r1 + r2 || distanse == subtract) result = 1;    
        else result = 0;    
        
        printf("%d\n", result);
    }
}
language: c
input: 3
0 0 13 40 0 37
0 0 3 0 7 4
1 1 1 1 1 5

output: 210
jsonTest: {"input":"3\n0 0 13 40 0 37\n0 0 3 0 7 4\n1 1 1 1 1 5\n","answer":"210","language":"c","source":"#include <stdio.h>\n#include <math.h>\n\nint main(void)\n{\n    int t, x1, y1, r1, x2, y2, r2, result;\n    double distanse, subtract;    \n    scanf(\"%d\", &t);\n    \n    while(t--)\n    {\n        scanf(\"%d %d %d %d %d %d\", &x1, &y1, &r1, &x2, &y2, &r2);\n        distanse = sqrt(pow(x2 - x1, 2) + pow(y2 - y1, 2));    \n        subtract = r1 > r2 ? r1 - r2 : r2 - r1;\n        \n        if(distanse == 0 && r1 == r2) result = -1;   \n        else if(distanse < r1 + r2 && (subtract < distanse)) result = 2;    \n        else if(distanse == r1 + r2 || distanse == subtract) result = 1;    \n        else result = 0;    \n        \n        printf(\"%d\\n\", result);\n    }\n}"}
{"scoringCode":"CORRECT ANSWER !!"}

채점서버에서온 응답: {"scoringCode":"CORRECT ANSWER !!"}

Hibernate: 
    select
        contest0_.id as id1_4_0_,
        contest0_.description as descript2_4_0_,
        contest0_.end_time as end_time3_4_0_,
        contest0_.name as name4_4_0_,
        contest0_.start_time as start_ti5_4_0_ 
    from
        contest contest0_ 
    where
        contest0_.id=?
2020-11-19 21:27:14.613 TRACE 7536 --- [1-auto-1-exec-1] o.h.type.descriptor.sql.BasicBinder      : binding parameter [1] as [BIGINT] - [1]
2020-11-19 21:27:14.640 TRACE 7536 --- [1-auto-1-exec-1] o.h.type.descriptor.sql.BasicExtractor   : extracted value ([descript2_4_0_] : [CLOB]) - [easy contests]
2020-11-19 21:27:14.642 TRACE 7536 --- [1-auto-1-exec-1] o.h.type.descriptor.sql.BasicExtractor   : extracted value ([end_time3_4_0_] : [TIMESTAMP]) - [2020-11-11T16:33:08]
2020-11-19 21:27:14.644 TRACE 7536 --- [1-auto-1-exec-1] o.h.type.descriptor.sql.BasicExtractor   : extracted value ([name4_4_0_] : [VARCHAR]) - [홍길동]
2020-11-19 21:27:14.644 TRACE 7536 --- [1-auto-1-exec-1] o.h.type.descriptor.sql.BasicExtractor   : extracted value ([start_ti5_4_0_] : [TIMESTAMP]) - [2020-11-11T16:33:08]
Hibernate: 
    select
        problem0_.id as id1_9_0_,
        problem0_.create_time as create_t2_9_0_,
        problem0_.memory_limit as memory_l3_9_0_,
        problem0_.name as name4_9_0_,
        problem0_.time_limit as time_lim5_9_0_ 
    from
        problem problem0_ 
    where
        problem0_.id=?
2020-11-19 21:27:14.657 TRACE 7536 --- [1-auto-1-exec-1] o.h.type.descriptor.sql.BasicBinder      : binding parameter [1] as [BIGINT] - [2]
2020-11-19 21:27:14.660 TRACE 7536 --- [1-auto-1-exec-1] o.h.type.descriptor.sql.BasicExtractor   : extracted value ([create_t2_9_0_] : [TIMESTAMP]) - [null]
2020-11-19 21:27:14.661 TRACE 7536 --- [1-auto-1-exec-1] o.h.type.descriptor.sql.BasicExtractor   : extracted value ([memory_l3_9_0_] : [DOUBLE]) - [1.0]
2020-11-19 21:27:14.661 TRACE 7536 --- [1-auto-1-exec-1] o.h.type.descriptor.sql.BasicExtractor   : extracted value ([name4_9_0_] : [VARCHAR]) - [test1]
2020-11-19 21:27:14.661 TRACE 7536 --- [1-auto-1-exec-1] o.h.type.descriptor.sql.BasicExtractor   : extracted value ([time_lim5_9_0_] : [DOUBLE]) - [1.0]
Hibernate: 
    select
        user0_.id as id1_13_0_,
        user0_.email as email2_13_0_,
        user0_.name as name3_13_0_,
        user0_.phone_number as phone_nu4_13_0_,
        user0_.university_code as universi5_13_0_,
        user0_.user_id as user_id6_13_0_ 
    from
        user user0_ 
    where
        user0_.id=?
2020-11-19 21:27:14.665 TRACE 7536 --- [1-auto-1-exec-1] o.h.type.descriptor.sql.BasicBinder      : binding parameter [1] as [BIGINT] - [4]
2020-11-19 21:27:14.667 TRACE 7536 --- [1-auto-1-exec-1] o.h.type.descriptor.sql.BasicExtractor   : extracted value ([email2_13_0_] : [VARCHAR]) - [a@b.c]
2020-11-19 21:27:14.668 TRACE 7536 --- [1-auto-1-exec-1] o.h.type.descriptor.sql.BasicExtractor   : extracted value ([name3_13_0_] : [VARCHAR]) - [s1]
2020-11-19 21:27:14.668 TRACE 7536 --- [1-auto-1-exec-1] o.h.type.descriptor.sql.BasicExtractor   : extracted value ([phone_nu4_13_0_] : [VARCHAR]) - [1234]
2020-11-19 21:27:14.669 TRACE 7536 --- [1-auto-1-exec-1] o.h.type.descriptor.sql.BasicExtractor   : extracted value ([universi5_13_0_] : [VARCHAR]) - [cbnu]
2020-11-19 21:27:14.669 TRACE 7536 --- [1-auto-1-exec-1] o.h.type.descriptor.sql.BasicExtractor   : extracted value ([user_id6_13_0_] : [VARCHAR]) - [2014]
Hibernate: 
    select
        next_val as id_val 
    from
        hibernate_sequence for update
            
Hibernate: 
    update
        hibernate_sequence 
    set
        next_val= ? 
    where
        next_val=?
Hibernate: 
    /* insert com.qt.domain.submit.ContestSubmit
        */ insert 
        into
            contest_submit
            (contest_id, language, problem_id, result, source, submit_count, user_id, id) 
        values
            (?, ?, ?, ?, ?, ?, ?, ?)
2020-11-19 21:27:14.764 TRACE 7536 --- [1-auto-1-exec-1] o.h.type.descriptor.sql.BasicBinder      : binding parameter [1] as [BIGINT] - [1]
2020-11-19 21:27:14.765 TRACE 7536 --- [1-auto-1-exec-1] o.h.type.descriptor.sql.BasicBinder      : binding parameter [2] as [VARCHAR] - [c]
2020-11-19 21:27:14.765 TRACE 7536 --- [1-auto-1-exec-1] o.h.type.descriptor.sql.BasicBinder      : binding parameter [3] as [BIGINT] - [2]
2020-11-19 21:27:14.766 TRACE 7536 --- [1-auto-1-exec-1] o.h.type.descriptor.sql.BasicBinder      : binding parameter [4] as [VARCHAR] - [정답 입니다!]
2020-11-19 21:27:14.766 TRACE 7536 --- [1-auto-1-exec-1] o.h.type.descriptor.sql.BasicBinder      : binding parameter [5] as [CLOB] - [null]
2020-11-19 21:27:14.767 TRACE 7536 --- [1-auto-1-exec-1] o.h.type.descriptor.sql.BasicBinder      : binding parameter [6] as [INTEGER] - [1]
2020-11-19 21:27:14.768 TRACE 7536 --- [1-auto-1-exec-1] o.h.type.descriptor.sql.BasicBinder      : binding parameter [7] as [BIGINT] - [4]
2020-11-19 21:27:14.769 TRACE 7536 --- [1-auto-1-exec-1] o.h.type.descriptor.sql.BasicBinder      : binding parameter [8] as [BIGINT] - [23]
]]></system-out>
  <system-err><![CDATA[]]></system-err>
</testsuite>
